<?xml version="1.0" encoding="UTF-8"?>
<!-- Generated by org.testng.reporters.JUnitReportReporter -->
<testsuite skipped="0" hostname="LAPTOP-2MTEA9T2" name="qaclickacademy.seleniumTest" tests="1" failures="0" timestamp="18 Oct 2019 00:33:30 GMT" time="0.005" errors="0">
  <testcase name="seleniumtes" time="0.005" classname="qaclickacademy.seleniumTest"/>
</testsuite> <!-- qaclickacademy.seleniumTest -->
