<?xml version="1.0" encoding="UTF-8"?>
<!-- Generated by org.testng.reporters.JUnitReportReporter -->
<testsuite skipped="0" hostname="LAPTOP-2MTEA9T2" name="qaclickacademy.AppiumTest" tests="1" failures="0" timestamp="18 Oct 2019 00:33:30 GMT" time="0.000" errors="0">
  <testcase name="appium" time="0.000" classname="qaclickacademy.AppiumTest"/>
</testsuite> <!-- qaclickacademy.AppiumTest -->
