<?xml version="1.0" encoding="UTF-8"?>
<!-- Generated by org.testng.reporters.JUnitReportReporter -->
<testsuite skipped="0" hostname="LAPTOP-2MTEA9T2" name="qaclickacademy.ApiTest" tests="1" failures="0" timestamp="18 Oct 2019 00:33:17 GMT" time="0.000" errors="0">
  <testcase name="restapi" time="0.000" classname="qaclickacademy.ApiTest"/>
</testsuite> <!-- qaclickacademy.ApiTest -->
